<?xml version="1.0" encoding="UTF-8"?>
<!-- Generated by org.testng.reporters.JUnitReportReporter -->
<testsuite skipped="0" hostname="LAPTOP-FVC0VK09" name="Maven_Practice.Maven_Java.PrepayTest" tests="1" failures="0" timestamp="2021-05-05T22:12:45 IST" time="0.005" errors="0">
  <testcase name="PrepayTopupTest" time="0.005" classname="Maven_Practice.Maven_Java.PrepayTest"/>
  <system-out/>
</testsuite> <!-- Maven_Practice.Maven_Java.PrepayTest -->
