<?xml version="1.0" encoding="UTF-8"?>
<!-- Generated by org.testng.reporters.JUnitReportReporter -->
<testsuite hostname="LAPTOP-FVC0VK09" failures="0" tests="2" name="Maven_Practice.Maven_Java.postpayTest" time="0.002" errors="0" timestamp="2021-05-03T12:20:24 IST" skipped="0">
  <testcase classname="Maven_Practice.Maven_Java.postpayTest" name="PostpayAddonTest" time="0.001"/>
  <system-out/>
  <testcase classname="Maven_Practice.Maven_Java.postpayTest" name="PostpayTopupTest" time="0.001"/>
  <system-out/>
</testsuite> <!-- Maven_Practice.Maven_Java.postpayTest -->
