<?xml version="1.0" encoding="UTF-8"?>
<!-- Generated by org.testng.reporters.JUnitReportReporter -->
<testsuite hostname="LAPTOP-FVC0VK09" failures="0" tests="2" name="Maven_Practice.Maven_Java.mobile_prepay_Test" time="0.003" errors="0" timestamp="2021-05-03T12:20:12 IST" skipped="0">
  <testcase classname="Maven_Practice.Maven_Java.mobile_prepay_Test" name="MobileTopupTest" time="0.000"/>
  <system-out/>
  <testcase classname="Maven_Practice.Maven_Java.mobile_prepay_Test" name="MobileAddonTest" time="0.003"/>
  <system-out/>
</testsuite> <!-- Maven_Practice.Maven_Java.mobile_prepay_Test -->
